<?xml version="1.0" encoding="UTF-8"?>
<!-- Generated by org.testng.reporters.JUnitReportReporter -->
<testsuite hostname="PK" failures="0" tests="1" name="com.asharex.tests.LoginTest" time="5.877" errors="0" timestamp="2024-01-24T12:30:19 IST" skipped="0">
  <testcase classname="com.asharex.tests.LoginTest" name="verifyTitleTest" time="5.877"/>
  <system-out/>
</testsuite> <!-- com.asharex.tests.LoginTest -->
