<?xml version="1.0" encoding="UTF-8"?>
<!-- Generated by org.testng.reporters.JUnitReportReporter -->
<testsuite hostname="PK" failures="0" tests="1" name="com.mystore.tests.LoginTest" time="4.328" errors="0" timestamp="2024-02-02T21:46:42 IST" skipped="0">
  <testcase classname="com.mystore.tests.LoginTest" name="verifyLoginTest" time="4.328"/>
</testsuite> <!-- com.mystore.tests.LoginTest -->
