<?xml version="1.0" encoding="UTF-8"?>
<!-- Generated by org.testng.reporters.JUnitReportReporter -->
<testsuite hostname="PK" failures="0" tests="1" name="com.mystore.tests.smokeSuite.AddAddressTest" time="12.033" errors="0" timestamp="2024-01-26T21:38:12 IST" skipped="0">
  <testcase classname="com.mystore.tests.smokeSuite.AddAddressTest" name="verifyAddAddress" time="12.033"/>
  <system-out/>
</testsuite> <!-- com.mystore.tests.smokeSuite.AddAddressTest -->
