<?xml version="1.0" encoding="UTF-8"?>
<!-- Generated by org.testng.reporters.JUnitReportReporter -->
<testsuite hostname="PK" failures="0" tests="1" name="com.mystore.tests.Base" time="0.066" errors="0" timestamp="2024-01-24T21:14:35 IST" skipped="0">
  <testcase classname="com.mystore.tests.Base" name="setup" time="0.066"/>
  <system-out/>
</testsuite> <!-- com.mystore.tests.Base -->
