<?xml version="1.0" encoding="UTF-8"?>
<!-- Generated by org.testng.reporters.JUnitReportReporter -->
<testsuite hostname="PK" failures="0" tests="1" name="com.mystore.tests.RegisterUserTest" time="10.228" errors="0" timestamp="2024-01-30T21:25:03 IST" skipped="0">
  <testcase classname="com.mystore.tests.RegisterUserTest" name="verifyUserRegisterationTest" time="10.228"/>
  <system-out/>
</testsuite> <!-- com.mystore.tests.RegisterUserTest -->
