<?xml version="1.0" encoding="UTF-8"?>
<!-- Generated by org.testng.reporters.JUnitReportReporter -->
<testsuite hostname="PK" failures="0" tests="2" name="com.mystore.datadriven.tests.DataDrivenLoginTest" time="14.390" errors="0" timestamp="2024-02-08T11:20:33 IST" skipped="0">
  <testcase classname="com.mystore.datadriven.tests.DataDrivenLoginTest" name="verifyLoginTest" time="7.828"/>
  <testcase classname="com.mystore.datadriven.tests.DataDrivenLoginTest" name="verifyLoginTest" time="6.562"/>
</testsuite> <!-- com.mystore.datadriven.tests.DataDrivenLoginTest -->
